
/home/runner/work/exp-interface-push-sensor-au/exp-interface-push-sensor-au/experiment/simulation/js/index-0e706231.js
    58:17  warning  Do not access Object.prototype method 'hasOwnProperty' from target object  no-prototype-builtins
    94:17  warning  Do not access Object.prototype method 'hasOwnProperty' from target object  no-prototype-builtins
    98:17  warning  Do not access Object.prototype method 'hasOwnProperty' from target object  no-prototype-builtins
   128:8   warning  Do not access Object.prototype method 'hasOwnProperty' from target object  no-prototype-builtins
   273:6   warning  Expected a conditional expression and instead saw an assignment            no-cond-assign
   290:8   warning  Expected a conditional expression and instead saw an assignment            no-cond-assign
   421:14  warning  'n' is assigned a value but never used                                     no-unused-vars
  1063:13  warning  Expected a 'break' statement before 'case'                                 no-fallthrough
  1319:6   warning  Expected a conditional expression and instead saw an assignment            no-cond-assign
  1346:10  warning  Expected a conditional expression and instead saw an assignment            no-cond-assign
  1348:10  warning  Expected a conditional expression and instead saw an assignment            no-cond-assign
  1350:10  warning  Expected a conditional expression and instead saw an assignment            no-cond-assign
  1352:10  warning  Expected a conditional expression and instead saw an assignment            no-cond-assign
  1354:10  warning  Expected a conditional expression and instead saw an assignment            no-cond-assign
  1356:10  warning  Expected a conditional expression and instead saw an assignment            no-cond-assign
  1358:12  warning  Do not access Object.prototype method 'hasOwnProperty' from target object  no-prototype-builtins
  1676:63  warning  'WebKitCSSMatrix' is not defined                                           no-undef
  2028:10  warning  Expected a conditional expression and instead saw an assignment            no-cond-assign
  2735:15  warning  'n' is defined but never used                                              no-unused-vars
  2738:13  warning  'n' is defined but never used                                              no-unused-vars
  3123:45  warning  'connectedPointSequence' is not defined                                    no-undef

✖ 21 problems (0 errors, 21 warnings)

